<?xml version="1.0" encoding="UTF-8"?>
<!-- Generated by org.testng.reporters.JUnitReportReporter -->
<testsuite hostname="Windows81" name="ApiTest.First_Delete_Request" tests="1" failures="0" timestamp="9 Jun 2019 06:33:55 GMT" time="1.896" errors="0">
  <testcase name="delete_Rquest" time="1.896" classname="ApiTest.First_Delete_Request"/>
</testsuite> <!-- ApiTest.First_Delete_Request -->
