<?xml version="1.0" encoding="UTF-8"?>
<!-- Generated by org.testng.reporters.JUnitReportReporter -->
<testsuite hostname="Windows81" name="ApiTest.First_get_Request" tests="1" failures="0" timestamp="9 Jun 2019 06:41:09 GMT" time="1.886" errors="0">
  <testcase name="getRequest" time="1.886" classname="ApiTest.First_get_Request"/>
</testsuite> <!-- ApiTest.First_get_Request -->
