<?xml version="1.0" encoding="UTF-8"?>
<!-- Generated by org.testng.reporters.JUnitReportReporter -->
<testsuite hostname="Windows81" name="ApiTest.Real_Get_Request" tests="1" failures="0" timestamp="15 Jun 2019 06:40:07 GMT" time="2.568" errors="0">
  <testcase name="get_all_india_states" time="2.568" classname="ApiTest.Real_Get_Request"/>
</testsuite> <!-- ApiTest.Real_Get_Request -->
