<?xml version="1.0" encoding="UTF-8"?>
<!-- Generated by org.testng.reporters.JUnitReportReporter -->
<testsuite hostname="Windows81" name="ApiTest.First_Post_request" tests="1" failures="0" timestamp="9 Jun 2019 06:23:43 GMT" time="1.843" errors="0">
  <testcase name="patchRequest" time="1.843" classname="ApiTest.First_Post_request"/>
</testsuite> <!-- ApiTest.First_Post_request -->
